<?xml version="1.0" encoding="UTF-8"?>
<testsuite name="hello.hellospring.HelloSpringApplicationTests" tests="1" skipped="0" failures="0" errors="0" timestamp="2023-06-23T16:20:44" hostname="DESKTOP-CJLDKBT" time="0.568">
  <properties/>
  <testcase name="contextLoads()" classname="hello.hellospring.HelloSpringApplicationTests" time="0.568"/>
  <system-out><![CDATA[01:20:41.543 [Test worker] DEBUG org.springframework.test.context.BootstrapUtils - Instantiating CacheAwareContextLoaderDelegate from class [org.springframework.test.context.cache.DefaultCacheAwareContextLoaderDelegate]
01:20:41.556 [Test worker] DEBUG org.springframework.test.context.BootstrapUtils - Instantiating BootstrapContext using constructor [public org.springframework.test.context.support.DefaultBootstrapContext(java.lang.Class,org.springframework.test.context.CacheAwareContextLoaderDelegate)]
01:20:41.593 [Test worker] DEBUG org.springframework.test.context.BootstrapUtils - Instantiating TestContextBootstrapper for test class [hello.hellospring.HelloSpringApplicationTests] from class [org.springframework.boot.test.context.SpringBootTestContextBootstrapper]
01:20:41.606 [Test worker] INFO org.springframework.boot.test.context.SpringBootTestContextBootstrapper - Neither @ContextConfiguration nor @ContextHierarchy found for test class [hello.hellospring.HelloSpringApplicationTests], using SpringBootContextLoader
01:20:41.611 [Test worker] DEBUG org.springframework.test.context.support.AbstractContextLoader - Did not detect default resource location for test class [hello.hellospring.HelloSpringApplicationTests]: class path resource [hello/hellospring/HelloSpringApplicationTests-context.xml] does not exist
01:20:41.612 [Test worker] DEBUG org.springframework.test.context.support.AbstractContextLoader - Did not detect default resource location for test class [hello.hellospring.HelloSpringApplicationTests]: class path resource [hello/hellospring/HelloSpringApplicationTestsContext.groovy] does not exist
01:20:41.612 [Test worker] INFO org.springframework.test.context.support.AbstractContextLoader - Could not detect default resource locations for test class [hello.hellospring.HelloSpringApplicationTests]: no resource found for suffixes {-context.xml, Context.groovy}.
01:20:41.613 [Test worker] INFO org.springframework.test.context.support.AnnotationConfigContextLoaderUtils - Could not detect default configuration classes for test class [hello.hellospring.HelloSpringApplicationTests]: HelloSpringApplicationTests does not declare any static, non-private, non-final, nested classes annotated with @Configuration.
01:20:41.666 [Test worker] DEBUG org.springframework.test.context.support.ActiveProfilesUtils - Could not find an 'annotation declaring class' for annotation type [org.springframework.test.context.ActiveProfiles] and class [hello.hellospring.HelloSpringApplicationTests]
01:20:41.732 [Test worker] DEBUG org.springframework.context.annotation.ClassPathScanningCandidateComponentProvider - Identified candidate component class: file [C:\Users\joo\Desktop\spring\hello-spring\build\classes\java\main\hello\hellospring\HelloSpringApplication.class]
01:20:41.733 [Test worker] INFO org.springframework.boot.test.context.SpringBootTestContextBootstrapper - Found @SpringBootConfiguration hello.hellospring.HelloSpringApplication for test class hello.hellospring.HelloSpringApplicationTests
01:20:41.853 [Test worker] DEBUG org.springframework.boot.test.context.SpringBootTestContextBootstrapper - @TestExecutionListeners is not present for class [hello.hellospring.HelloSpringApplicationTests]: using defaults.
01:20:41.854 [Test worker] INFO org.springframework.boot.test.context.SpringBootTestContextBootstrapper - Loaded default TestExecutionListener class names from location [META-INF/spring.factories]: [org.springframework.boot.test.autoconfigure.restdocs.RestDocsTestExecutionListener, org.springframework.boot.test.autoconfigure.web.client.MockRestServiceServerResetTestExecutionListener, org.springframework.boot.test.autoconfigure.web.servlet.MockMvcPrintOnlyOnFailureTestExecutionListener, org.springframework.boot.test.autoconfigure.web.servlet.WebDriverTestExecutionListener, org.springframework.boot.test.autoconfigure.webservices.client.MockWebServiceServerTestExecutionListener, org.springframework.boot.test.mock.mockito.MockitoTestExecutionListener, org.springframework.boot.test.mock.mockito.ResetMocksTestExecutionListener, org.springframework.test.context.web.ServletTestExecutionListener, org.springframework.test.context.support.DirtiesContextBeforeModesTestExecutionListener, org.springframework.test.context.event.ApplicationEventsTestExecutionListener, org.springframework.test.context.support.DependencyInjectionTestExecutionListener, org.springframework.test.context.support.DirtiesContextTestExecutionListener, org.springframework.test.context.transaction.TransactionalTestExecutionListener, org.springframework.test.context.jdbc.SqlScriptsTestExecutionListener, org.springframework.test.context.event.EventPublishingTestExecutionListener]
01:20:41.880 [Test worker] DEBUG org.springframework.boot.test.context.SpringBootTestContextBootstrapper - Skipping candidate TestExecutionListener [org.springframework.test.context.transaction.TransactionalTestExecutionListener] due to a missing dependency. Specify custom listener classes or make the default listener classes and their required dependencies available. Offending class: [org/springframework/transaction/interceptor/TransactionAttributeSource]
01:20:41.881 [Test worker] DEBUG org.springframework.boot.test.context.SpringBootTestContextBootstrapper - Skipping candidate TestExecutionListener [org.springframework.test.context.jdbc.SqlScriptsTestExecutionListener] due to a missing dependency. Specify custom listener classes or make the default listener classes and their required dependencies available. Offending class: [org/springframework/transaction/interceptor/TransactionAttribute]
01:20:41.881 [Test worker] INFO org.springframework.boot.test.context.SpringBootTestContextBootstrapper - Using TestExecutionListeners: [org.springframework.test.context.web.ServletTestExecutionListener@70eecdc2, org.springframework.test.context.support.DirtiesContextBeforeModesTestExecutionListener@c41709a, org.springframework.test.context.event.ApplicationEventsTestExecutionListener@7db0565c, org.springframework.boot.test.mock.mockito.MockitoTestExecutionListener@54ec8cc9, org.springframework.boot.test.autoconfigure.SpringBootDependencyInjectionTestExecutionListener@52eacb4b, org.springframework.test.context.support.DirtiesContextTestExecutionListener@5528a42c, org.springframework.test.context.event.EventPublishingTestExecutionListener@2a551a63, org.springframework.boot.test.autoconfigure.restdocs.RestDocsTestExecutionListener@1a6f5124, org.springframework.boot.test.autoconfigure.web.client.MockRestServiceServerResetTestExecutionListener@1edb61b1, org.springframework.boot.test.autoconfigure.web.servlet.MockMvcPrintOnlyOnFailureTestExecutionListener@ec2bf82, org.springframework.boot.test.autoconfigure.web.servlet.WebDriverTestExecutionListener@cc62a3b, org.springframework.boot.test.autoconfigure.webservices.client.MockWebServiceServerTestExecutionListener@6cc0bcf6, org.springframework.boot.test.mock.mockito.ResetMocksTestExecutionListener@29539e36]
01:20:41.887 [Test worker] DEBUG org.springframework.test.context.support.AbstractDirtiesContextTestExecutionListener - Before test class: context [DefaultTestContext@1fc793c2 testClass = HelloSpringApplicationTests, testInstance = [null], testMethod = [null], testException = [null], mergedContextConfiguration = [WebMergedContextConfiguration@2575f671 testClass = HelloSpringApplicationTests, locations = '{}', classes = '{class hello.hellospring.HelloSpringApplication}', contextInitializerClasses = '[]', activeProfiles = '{}', propertySourceLocations = '{}', propertySourceProperties = '{org.springframework.boot.test.context.SpringBootTestContextBootstrapper=true}', contextCustomizers = set[org.springframework.boot.test.autoconfigure.actuate.metrics.MetricsExportContextCustomizerFactory$DisableMetricExportContextCustomizer@1cbf6e72, org.springframework.boot.test.autoconfigure.properties.PropertyMappingContextCustomizer@0, org.springframework.boot.test.autoconfigure.web.servlet.WebDriverContextCustomizerFactory$Customizer@56a4479a, org.springframework.boot.test.context.filter.ExcludeFilterContextCustomizer@4504d271, org.springframework.boot.test.json.DuplicateJsonObjectContextCustomizerFactory$DuplicateJsonObjectContextCustomizer@2b5825fa, org.springframework.boot.test.mock.mockito.MockitoContextCustomizer@0, org.springframework.boot.test.web.client.TestRestTemplateContextCustomizer@42f48531, org.springframework.boot.test.context.SpringBootTestArgs@1, org.springframework.boot.test.context.SpringBootTestWebEnvironment@2462cb01], resourceBasePath = 'src/main/webapp', contextLoader = 'org.springframework.boot.test.context.SpringBootContextLoader', parent = [null]], attributes = map['org.springframework.test.context.web.ServletTestExecutionListener.activateListener' -> true]], class annotated with @DirtiesContext [false] with mode [null].

  .   ____          _            __ _ _
 /\\ / ___'_ __ _ _(_)_ __  __ _ \ \ \ \
( ( )\___ | '_ | '_| | '_ \/ _` | \ \ \ \
 \\/  ___)| |_)| | | | | || (_| |  ) ) ) )
  '  |____| .__|_| |_|_| |_\__, | / / / /
 =========|_|==============|___/=/_/_/_/
 :: Spring Boot ::               (v2.7.12)

2023-06-24 01:20:42.274  INFO 17436 --- [    Test worker] h.h.HelloSpringApplicationTests          : Starting HelloSpringApplicationTests using Java 11.0.19 on DESKTOP-CJLDKBT with PID 17436 (started by joo in C:\Users\joo\Desktop\spring\hello-spring)
2023-06-24 01:20:42.275  INFO 17436 --- [    Test worker] h.h.HelloSpringApplicationTests          : No active profile set, falling back to 1 default profile: "default"
2023-06-24 01:20:43.846  INFO 17436 --- [    Test worker] o.s.b.a.w.s.WelcomePageHandlerMapping    : Adding welcome page: class path resource [static/index.html]
2023-06-24 01:20:44.296  INFO 17436 --- [    Test worker] h.h.HelloSpringApplicationTests          : Started HelloSpringApplicationTests in 2.364 seconds (JVM running for 3.793)
]]></system-out>
  <system-err><![CDATA[]]></system-err>
</testsuite>
